<?xml version="1.0" encoding="UTF-8"?>
<!-- Generated by org.testng.reporters.JUnitReportReporter -->
<testsuite hostname="HugoSerratos" failures="0" tests="1" name="com.javaBasic.Ejercicio1" time="12.559" errors="0" timestamp="2022-02-28T15:31:54 CST" skipped="0">
  <testcase classname="com.javaBasic.Ejercicio1" name="compararNum" time="12.559"/>
  <system-out>
    <![CDATA[Ingresa el primer número
Ingresa el segundo número
4.59 Es menor que 4.6]]>
  </system-out>
</testsuite> <!-- com.javaBasic.Ejercicio1 -->
