<?xml version="1.0" encoding="UTF-8"?>
<!-- Generated by org.testng.reporters.JUnitReportReporter -->
<testsuite hostname="HugoSerratos" failures="0" tests="1" name="com.javaBasic.CompararNumeros" time="293.063" errors="0" timestamp="2022-03-01T01:59:08 CST" skipped="0">
  <testcase classname="com.javaBasic.CompararNumeros" name="compararNumeros" time="293.063"/>
  <system-out>
    <![CDATA[Ingresa el primer nÃ¹mero a comparar
Ingresa el segundo nÃ¹mero a comparar
Ingresa el primer nÃ¹mero a comparar
Ingresa el segundo nÃ¹mero a comparar
Ingresa el primer nÃ¹mero a comparar
Ingresa el segundo nÃ¹mero a comparar
Ingresa el primer nÃ¹mero a comparar
Ingresa el segundo nÃ¹mero a comparar
Los numeros coinciden 200.0y 200.0]]>
  </system-out>
</testsuite> <!-- com.javaBasic.CompararNumeros -->
